ESTOY EN EL PRIMER HIJO:

cat
ESTOY EN EL ULTIMO HIJO

grep
ESTOY EN EL PRIMER HIJO:

cat
ESTOY EN EL ULTIMO HIJO

grep
ESTOY EN EL PRIMER HIJO:

cat
ESTOY EN EL ULTIMO HIJO

grep
ESTOY EN EL PRIMER HIJO:

cat
ESTOY EN EL ULTIMO HIJO

grep
ESTOY EN EL PRIMER HIJO:

cat
ESTOY EN EL ULTIMO HIJO

grep
ESTOY EN EL PRIMER HIJO:

cat
ESTOY EN EL ULTIMO HIJO

grep
ESTOY EN EL PRIMER HIJO:

cat
ESTOY EN EL ULTIMO HIJO

grep
ESTOY EN EL PRIMER HIJO:

cat
ESTOY EN EL ULTIMO HIJO

grep
ESTOY EN EL PRIMER HIJO:

ESTOY EN EL ULTIMO HIJO

echo
cat
ESTOY EN EL PRIMER HIJO:

cat
ESTOY EN EL ULTIMO HIJO

echo
ESTOY EN EL PRIMER HIJO:

EN EL PADRE ESPERANDO

cat
ESTOY EN EL ULTIMO HIJO

echo
EN EL PADRE ESPERANDO

EN EL PADRE ESPERANDO

EN EL PADRE ESPERANDO

EN EL PADRE ESPERANDO

ESTOY EN EL PRIMER HIJO:

cat
ESTOY EN EL ULTIMO HIJO

grep
EN EL PADRE ESPERANDO

ESTOY EN EL PRIMER HIJO:

EN EL PADRE ESPERANDO

cat
ESTOY EN EL ULTIMO HIJO

cat
EN EL PADRE ESPERANDO

ESTOY EN EL PRIMER HIJO:

cat
EN EL PADRE ESPERANDO

ESTOY EN EL ULTIMO HIJO

cat
EN EL PADRE ESPERANDO

EN EL PADRE ESPERANDO

EN EL PADRE ESPERANDO

ESTOY EN EL PRIMER HIJO:

cat
EN EL PADRE ESPERANDO

ESTOY EN EL ULTIMO HIJO

grep
EN EL PADRE ESPERANDO

EN EL PADRE ESPERANDO

EN EL PADRE ESPERANDO

EN EL PADRE ESPERANDO

ESTOY EN EL PRIMER HIJO:

cat
EN EL PADRE ESPERANDO

ESTOY EN EL ULTIMO HIJO

grep
EN EL PADRE ESPERANDO

EN EL PADRE ESPERANDO

EN EL PADRE ESPERANDO

EN EL PADRE ESPERANDO

EN EL PADRE ESPERANDO

